        -:    0:Source:fact.c
        -:    0:Graph:fact.gcno
        -:    0:Data:fact.gcda
        -:    0:Runs:1
        -:    0:Programs:1
        -:    1:#include <stdio.h>
        1:    2:int fact(int n){
        1:    3:        int i=1,fact=1;
        1:    4:        if(n<=10) {
    #####:    5:                for(i=1; i<=n; i++)
    #####:    6:                        fact*=i;
    #####:    7:                return fact;
        -:    8:        }
        -:    9:        else {
        1:   10:                return -1;
        -:   11:        }
        -:   12:}
        1:   13:void main(){
        -:   14:        int x;
        1:   15:        x=fact(11);
        1:   16:        printf("Result : %d\n",x);
        1:   17:}
